Unity Editor version:    2020.3.20f1 (41c4e627c95f)
Branch:                  2020.3/staging
Build type:              Release
Batch mode:              YES
macOS version:           Version 11.6.2 (Build 20G314)
Darwin version:          20.6.0
Architecture:            x86_64
Running under Rosetta:   NO
Available memory:        8192 MB
Using pre-set license
Pro License: NO

COMMAND LINE ARGUMENTS:
/Users/shinabekensei/Desktop/絢星unity/2020.3.20f1/Unity.app/Contents/MacOS/Unity
-adb2
-batchMode
-noUpm
-name
AssetImportWorker0
-projectPath
/Users/shinabekensei/Desktop/絢星unity/Original game
-logFile
Logs/AssetImportWorker0.log
-srvPort
49573
Successfully changed project path to: /Users/shinabekensei/Desktop/絢星unity/Original game
/Users/shinabekensei/Desktop/絢星unity/Original game
Using Asset Import Pipeline V2.
Refreshing native plugins compatible for Editor in 63.10 ms, found 2 plugins.
Preloading 0 native plugins for Editor in 0.00 ms.
Initialize engine version: 2020.3.20f1 (41c4e627c95f)
[Subsystems] Discovering subsystems at path /Users/shinabekensei/Desktop/絢星unity/2020.3.20f1/Unity.app/Contents/Resources/UnitySubsystems
[Subsystems] Discovering subsystems at path /Users/shinabekensei/Desktop/絢星unity/Original game/Assets
GfxDevice: creating device client; threaded=0
2022-01-23 19:35:09.953 Unity[1148:29190] Color LCD preferred device: Intel(R) Iris(TM) Graphics 6000 (low power)
2022-01-23 19:35:09.953 Unity[1148:29190] Metal devices available: 1
2022-01-23 19:35:09.954 Unity[1148:29190] 0: Intel(R) Iris(TM) Graphics 6000 (low power)
2022-01-23 19:35:09.954 Unity[1148:29190] Using device Intel(R) Iris(TM) Graphics 6000 (low power)
Initializing Metal device caps: Intel(R) Iris(TM) Graphics 6000
Initialize mono
Mono path[0] = '/Users/shinabekensei/Desktop/絢星unity/2020.3.20f1/Unity.app/Contents/Managed'
Mono path[1] = '/Users/shinabekensei/Desktop/絢星unity/2020.3.20f1/Unity.app/Contents/MonoBleedingEdge/lib/mono/unityjit'
Mono config path = '/Users/shinabekensei/Desktop/絢星unity/2020.3.20f1/Unity.app/Contents/MonoBleedingEdge/etc'
Using monoOptions --debugger-agent=transport=dt_socket,embedding=1,server=y,suspend=n,address=127.0.0.1:56148
Begin MonoManager ReloadAssembly
Registering precompiled unity dll's ...
Register platform support module: /Users/shinabekensei/Desktop/絢星unity/2020.3.20f1/PlaybackEngines/WebGLSupport/UnityEditor.WebGL.Extensions.dll
Register platform support module: /Users/shinabekensei/Desktop/絢星unity/2020.3.20f1/Unity.app/Contents/PlaybackEngines/MacStandaloneSupport/UnityEditor.OSXStandalone.Extensions.dll
Registered in 0.002635 seconds.
Native extension for OSXStandalone target not found
Native extension for WebGL target not found
Refreshing native plugins compatible for Editor in 70.98 ms, found 2 plugins.
Preloading 0 native plugins for Editor in 0.00 ms.
Mono: successfully reloaded assembly
- Completed reload, in  4.004 seconds
Domain Reload Profiling:
	ReloadAssembly (4005ms)
		BeginReloadAssembly (100ms)
			ExecutionOrderSort (0ms)
			DisableScriptedObjects (0ms)
			BackupInstance (0ms)
			ReleaseScriptingObjects (0ms)
			CreateAndSetChildDomain (1ms)
		EndReloadAssembly (1187ms)
			LoadAssemblies (107ms)
			RebuildTransferFunctionScriptingTraits (0ms)
			SetupTypeCache (433ms)
			ReleaseScriptCaches (0ms)
			RebuildScriptCaches (119ms)
			SetupLoadedEditorAssemblies (485ms)
				LogAssemblyErrors (0ms)
				InitializePlatformSupportModulesInManaged (16ms)
				SetLoadedEditorAssemblies (1ms)
				RefreshPlugins (71ms)
				BeforeProcessingInitializeOnLoad (76ms)
				ProcessInitializeOnLoadAttributes (258ms)
				ProcessInitializeOnLoadMethodAttributes (62ms)
				AfterProcessingInitializeOnLoad (0ms)
				EditorAssembliesLoaded (0ms)
			ExecutionOrderSort2 (0ms)
			AwakeInstancesAfterBackupRestoration (0ms)
Platform modules already initialized, skipping
Registering precompiled user dll's ...
Registered in 0.001784 seconds.
Begin MonoManager ReloadAssembly
Native extension for OSXStandalone target not found
Native extension for WebGL target not found
Refreshing native plugins compatible for Editor in 0.36 ms, found 2 plugins.
Preloading 0 native plugins for Editor in 0.00 ms.
Mono: successfully reloaded assembly
- Completed reload, in  1.805 seconds
Domain Reload Profiling:
	ReloadAssembly (1806ms)
		BeginReloadAssembly (256ms)
			ExecutionOrderSort (0ms)
			DisableScriptedObjects (7ms)
			BackupInstance (0ms)
			ReleaseScriptingObjects (0ms)
			CreateAndSetChildDomain (49ms)
		EndReloadAssembly (1446ms)
			LoadAssemblies (133ms)
			RebuildTransferFunctionScriptingTraits (0ms)
			SetupTypeCache (508ms)
			ReleaseScriptCaches (0ms)
			RebuildScriptCaches (85ms)
			SetupLoadedEditorAssemblies (542ms)
				LogAssemblyErrors (0ms)
				InitializePlatformSupportModulesInManaged (9ms)
				SetLoadedEditorAssemblies (1ms)
				RefreshPlugins (0ms)
				BeforeProcessingInitializeOnLoad (109ms)
				ProcessInitializeOnLoadAttributes (413ms)
				ProcessInitializeOnLoadMethodAttributes (7ms)
				AfterProcessingInitializeOnLoad (2ms)
				EditorAssembliesLoaded (0ms)
			ExecutionOrderSort2 (0ms)
			AwakeInstancesAfterBackupRestoration (13ms)
Platform modules already initialized, skipping
Validating Project structure ... 0.001154 seconds.
Shader import version has changed; will reimport all shaders...
Upgrading shader files ...0.000419 seconds.
Application.AssetDatabase Initial Script Refresh Start
RefreshInfo: InitialScriptRefreshV2(NoUpdateAssetOptions) scanfilter:  ... 1 filters
RefreshProfiler: Total: 0.000ms
Application.AssetDatabase Initial Script Refresh End
Application.AssetDatabase.Refresh Start
Application.AssetDatabase.Refresh End
RefreshInfo: StopAssetImportingV2(ForceSynchronousImport) scanfilter: 
RefreshProfiler: Total: 0.000ms
Launching external process: /Users/shinabekensei/Desktop/絢星unity/2020.3.20f1/Unity.app/Contents/Tools/UnityShaderCompiler
Launched and connected shader compiler UnityShaderCompiler after 0.02 seconds
Initializing Unity extensions:
========================================================================
Worker process is ready to serve import requests
Refreshing native plugins compatible for Editor in 0.38 ms, found 2 plugins.
Preloading 0 native plugins for Editor in 0.00 ms.
Unloading 1400 Unused Serialized files (Serialized files now loaded: 0)
System memory in use before: 162.5 MB.
System memory in use after: 161.7 MB.

Unloading 77 unused Assets to reduce memory usage. Loaded Objects now: 1874.
Total: 8.619880 ms (FindLiveObjects: 0.228306 ms CreateObjectMapping: 0.064292 ms MarkObjects: 5.397301 ms  DeleteObjects: 2.927522 ms)

AssetImportParameters requested are different than current active one (requested -> active):
  custom:video-decoder-ogg-theora: a1e56fd34408186e4bbccfd4996cb3dc -> 
  custom:container-muxer-webm: aa71ff27fc2769a1b78a27578f13a17b -> 
  custom:container-demuxer-webm: 4f35f7cbe854078d1ac9338744f61a02 -> 
  custom:container-demuxer-ogg: 62fdf1f143b41e24485cea50d1cbac27 -> 
  custom:video-encoder-webm-vp8: eb34c28f22e8b96e1ab97ce403110664 -> 
  custom:framework-osx-AVFoundation: e770b220cccbd017edd2c1fefb359320 -> 
  custom:video-decoder-webm-vp8: 9c59270c3fd7afecdb556c50c9e8de78 -> 
  custom:audio-decoder-ogg-vorbis: bf7c407c2cedff20999df2af8eb42d56 -> 
  custom:audio-encoder-webm-vorbis: bf7c407c2cedff20999df2af8eb42d56 -> 
========================================================================
Received Import Request.
  path: Assets/Scenes
  artifactKey: Guid(d8e50fc24426d43f68b0dbf9dddae495) Importer(815301076,1909f56bfc062723c751e8b465ee728b)
Start importing Assets/Scenes using Guid(d8e50fc24426d43f68b0dbf9dddae495) Importer(815301076,1909f56bfc062723c751e8b465ee728b)  -> (artifact id: 'b36ff2d801696494a3d19fa5e946ae4e') in 0.009467 seconds 
  Import took 0.014762 seconds .

========================================================================
Received Import Request.
  Time since last request: 13.142813 seconds.
  path: Assets/Scenes/SampleScene.unity
  artifactKey: Guid(9fc0d4010bbf28b4594072e72b8655ab) Importer(815301076,1909f56bfc062723c751e8b465ee728b)
Start importing Assets/Scenes/SampleScene.unity using Guid(9fc0d4010bbf28b4594072e72b8655ab) Importer(815301076,1909f56bfc062723c751e8b465ee728b)  -> (artifact id: '85059f4f9e1a832ed95adaa0d25c5c4c') in 0.016861 seconds 
  Import took 0.021337 seconds .

========================================================================
Received Import Request.
  Time since last request: 847.560212 seconds.
  path: Assets/coin.fbx
  artifactKey: Guid(382865c83d542400c81cb2ebd48a859d) Importer(815301076,1909f56bfc062723c751e8b465ee728b)
Start importing Assets/coin.fbx using Guid(382865c83d542400c81cb2ebd48a859d) Importer(815301076,1909f56bfc062723c751e8b465ee728b)  -> (artifact id: 'b7d2152a79305d9e5aeadd51a8dc680e') in 3.781197 seconds 
  Import took 3.790450 seconds .

========================================================================
Received Import Request.
  Time since last request: 0.004358 seconds.
  path: Assets/jbutton.png
  artifactKey: Guid(316c56a22429d42358ec2ea4148fd69b) Importer(815301076,1909f56bfc062723c751e8b465ee728b)
Start importing Assets/jbutton.png using Guid(316c56a22429d42358ec2ea4148fd69b) Importer(815301076,1909f56bfc062723c751e8b465ee728b)  -> (artifact id: 'e71cb99c55f598ace81a4683b0460548') in 1.776245 seconds 
  Import took 1.783162 seconds .

========================================================================
Received Import Request.
  Time since last request: 0.007870 seconds.
  path: Assets/lbutton.png
  artifactKey: Guid(3cf674059b9f3441d8c28339239374f8) Importer(815301076,1909f56bfc062723c751e8b465ee728b)
Start importing Assets/lbutton.png using Guid(3cf674059b9f3441d8c28339239374f8) Importer(815301076,1909f56bfc062723c751e8b465ee728b)  -> (artifact id: '55aef070100e3231bcdf659caad01728') in 0.025255 seconds 
  Import took 0.031255 seconds .

========================================================================
Received Import Request.
  Time since last request: 0.000337 seconds.
  path: Assets/jbutton.png
  artifactKey: Guid(316c56a22429d42358ec2ea4148fd69b) Importer(815301076,1909f56bfc062723c751e8b465ee728b)
Start importing Assets/jbutton.png using Guid(316c56a22429d42358ec2ea4148fd69b) Importer(815301076,1909f56bfc062723c751e8b465ee728b)  -> (artifact id: 'e71cb99c55f598ace81a4683b0460548') in 0.019156 seconds 
  Import took 0.026333 seconds .

========================================================================
Received Import Request.
  Time since last request: 2.655156 seconds.
  path: Assets/rbutton.png
  artifactKey: Guid(e7f94f3e0901a433da879333f6ab2df7) Importer(815301076,1909f56bfc062723c751e8b465ee728b)
Start importing Assets/rbutton.png using Guid(e7f94f3e0901a433da879333f6ab2df7) Importer(815301076,1909f56bfc062723c751e8b465ee728b)  -> (artifact id: 'e75c725288625524fe79ac3f48affe6f') in 0.024570 seconds 
  Import took 0.031591 seconds .

========================================================================
Received Import Request.
  Time since last request: 2.806217 seconds.
  path: Assets/road.fbx
  artifactKey: Guid(ce944f33a47594a20a637518739308ee) Importer(815301076,1909f56bfc062723c751e8b465ee728b)
Start importing Assets/road.fbx using Guid(ce944f33a47594a20a637518739308ee) Importer(815301076,1909f56bfc062723c751e8b465ee728b)  -> (artifact id: 'b5988f2b494bdbf815271585149e13e6') in 0.106471 seconds 
  Import took 0.113749 seconds .

========================================================================
Received Import Request.
  Time since last request: 2.358991 seconds.
  path: Assets/road.png
  artifactKey: Guid(c86ac5588c5f643b3b7633107ea96d0e) Importer(815301076,1909f56bfc062723c751e8b465ee728b)
Start importing Assets/road.png using Guid(c86ac5588c5f643b3b7633107ea96d0e) Importer(815301076,1909f56bfc062723c751e8b465ee728b)  -> (artifact id: 'f25dc3acbb1d6581b50ffc47ceb01947') in 0.018891 seconds 
  Import took 0.024884 seconds .

AssetImportWorkerClient::OnTransportError - code=2 error=End of file
